2021-11-23 11:46:59 - logger_handler_v3.py - [line:149] - ERROR - [日志信息]: 元素定位失败Message: 

2021-11-23 11:47:58 - logger_handler_v3.py - [line:149] - ERROR - [日志信息]: 元素定位失败Message: 

2021-11-23 12:34:05 - logger_handler_v3.py - [line:149] - ERROR - [日志信息]: 元素定位失败Message: 

2021-11-23 12:34:39 - logger_handler_v3.py - [line:149] - ERROR - [日志信息]: 元素定位失败Message: 

2021-11-23 12:36:24 - logger_handler_v3.py - [line:149] - ERROR - [日志信息]: 元素定位失败Message: 

2021-11-23 12:38:22 - logger_handler_v3.py - [line:149] - ERROR - [日志信息]: 元素定位失败Message: no such window: target window already closed
from unknown error: web view not found
  (Session info: chrome=95.0.4638.54)

2021-11-23 12:38:22 - logger_handler_v3.py - [line:149] - ERROR - [日志信息]: 代码报错信息: 'NoneType' object has no attribute 'clear'
2021-11-23 12:38:22 - logger_handler_v3.py - [line:149] - ERROR - [日志信息]: 元素定位失败Message: no such window: target window already closed
from unknown error: web view not found
  (Session info: chrome=95.0.4638.54)

2021-11-23 12:38:22 - logger_handler_v3.py - [line:149] - ERROR - [日志信息]: 代码报错信息: 'NoneType' object has no attribute 'clear'
2021-11-23 12:38:22 - logger_handler_v3.py - [line:149] - ERROR - [日志信息]: 元素定位失败Message: no such window: target window already closed
from unknown error: web view not found
  (Session info: chrome=95.0.4638.54)

2021-11-23 12:38:47 - logger_handler_v3.py - [line:149] - ERROR - [日志信息]: 元素定位失败Message: 

2021-11-23 12:43:12 - logger_handler_v3.py - [line:149] - ERROR - [日志信息]: 元素定位失败Message: 

2021-11-23 17:53:41 - logger_handler_v3.py - [line:149] - ERROR - [日志信息]: 元素定位失败Message: no such window: target window already closed
from unknown error: web view not found
  (Session info: chrome=95.0.4638.54)

2021-11-23 17:53:41 - logger_handler_v3.py - [line:149] - ERROR - [日志信息]: 代码报错信息: 'NoneType' object has no attribute 'clear'
2021-11-23 17:53:41 - logger_handler_v3.py - [line:149] - ERROR - [日志信息]: 元素定位失败Message: no such window: target window already closed
from unknown error: web view not found
  (Session info: chrome=95.0.4638.54)

